<tr>
<td>out.sdimacs</td>
<td>369</td>
<td>467</td>
<td>3</td>
<td>0.004321</td>
<td>UNSAT</td>
</tr>
<tr>
<td>out.sdimacs</td>
<td>369</td>
<td>467</td>
<td>3</td>
<td>0.005233</td>
<td>UNSAT</td>
</tr>
<tr>
<td>out_pre.sdimacs</td>
<td>4</td>
<td>6</td>
<td>2</td>
<td>0.008026</td>
<td>UNSAT</td>
</tr>
<tr>
<td>out_pre.sdimacs</td>
<td>4</td>
<td>6</td>
<td>2</td>
<td>0.007925</td>
<td>UNSAT</td>
</tr>
<tr>
<td>out_pre.sdimacs</td>
<td>4</td>
<td>6</td>
<td>2</td>
<td>0.005271</td>
<td>UNSAT</td>
</tr>
<tr>
<td>out_pre.sdimacs</td>
<td>4</td>
<td>6</td>
<td>2</td>
<td>0.004753</td>
<td>UNSAT</td>
</tr>
<tr>
<td>out.sdimacs</td>
<td>369</td>
<td>467</td>
<td>3</td>
<td>0.00783</td>
<td>UNSAT</td>
</tr>
<tr>
<td>out_pre.sdimacs</td>
<td>4</td>
<td>6</td>
<td>2</td>
<td>0.007538</td>
<td>UNSAT</td>
</tr>
<tr>
<td>out.sdimacs</td>
<td>369</td>
<td>467</td>
<td>3</td>
<td>0.011967</td>
<td>UNSAT</td>
</tr>
<tr>
<td>out_pre.sdimacs</td>
<td>4</td>
<td>6</td>
<td>2</td>
<td>0.003586</td>
<td>UNSAT</td>
</tr>
<tr>
<td>out.sdimacs</td>
<td>369</td>
<td>467</td>
<td>3</td>
<td>0.008658</td>
<td>UNSAT</td>
</tr>
<tr>
<td>out_pre.sdimacs</td>
<td>4</td>
<td>6</td>
<td>2</td>
<td>0.007371</td>
<td>UNSAT</td>
</tr>
<tr>
<td>out.sdimacs</td>
<td>369</td>
<td>467</td>
<td>3</td>
<td>0.010343</td>
<td>UNSAT</td>
</tr>
<tr>
<td>out_pre.sdimacs</td>
<td>4</td>
<td>6</td>
<td>2</td>
<td>0.002963</td>
<td>UNSAT</td>
</tr>
<tr>
<td>out.sdimacs</td>
<td>369</td>
<td>467</td>
<td>3</td>
<td>0.004776</td>
<td>UNSAT</td>
</tr>
<tr>
<td>out_pre.sdimacs</td>
<td>4</td>
<td>6</td>
<td>2</td>
<td>0.007517</td>
<td>UNSAT</td>
</tr>
<tr>
<td>out_pre.sdimacs</td>
<td>4</td>
<td>6</td>
<td>2</td>
<td>0.008165</td>
<td>UNSAT</td>
</tr>
<tr>
<td>out_pre.sdimacs</td>
<td>4</td>
<td>6</td>
<td>2</td>
<td>0.007185</td>
<td>UNSAT</td>
</tr>
<tr>
<td>out_pre.sdimacs</td>
<td>4</td>
<td>6</td>
<td>2</td>
<td>0.010933</td>
<td>UNSAT</td>
</tr>
<tr>
<td>out_pre.sdimacs</td>
<td>4</td>
<td>6</td>
<td>2</td>
<td>0.007753</td>
<td>UNSAT</td>
</tr>
<tr>
<td>out_pre.sdimacs</td>
<td>4</td>
<td>6</td>
<td>2</td>
<td>0.008123</td>
<td>UNSAT</td>
</tr>
<tr>
<td>out_pre.sdimacs</td>
<td>4</td>
<td>6</td>
<td>2</td>
<td>0.007826</td>
<td>UNSAT</td>
</tr>
<tr>
<td>out_pre.sdimacs</td>
<td>4</td>
<td>6</td>
<td>2</td>
<td>0.007611</td>
<td>UNSAT</td>
</tr>
